<?xml version="1.0" encoding="UTF-8"?>
<testng-results ignored="0" total="11" passed="11" failed="0" skipped="0">
  <reporter-output>
  </reporter-output>
  <suite started-at="2024-07-13T03:39:28 EET" name="Parabank" finished-at="2024-07-13T03:40:08 EET" duration-ms="39736">
    <groups>
    </groups>
    <test started-at="2024-07-13T03:39:28 EET" name="Register" finished-at="2024-07-13T03:39:43 EET" duration-ms="14687">
      <class name="TestCases.TC01_Register">
        <test-method is-config="true" signature="setupDriver(java.lang.String)[pri:0, instance:TestCases.TC01_Register@b98c67]" started-at="2024-07-13T03:39:28 EET" name="setupDriver" finished-at="2024-07-13T03:39:35 EET" duration-ms="6347" status="PASS">
          <params>
            <param index="0">
              <value>
                <![CDATA[]]>
              </value>
            </param>
          </params>
          <reporter-output>
          </reporter-output>
        </test-method> <!-- setupDriver -->
        <test-method signature="registerPage()[pri:1, instance:TestCases.TC01_Register@b98c67]" started-at="2024-07-13T03:39:35 EET" name="registerPage" description="Register Page" finished-at="2024-07-13T03:39:41 EET" duration-ms="6209" status="PASS">
          <reporter-output>
          </reporter-output>
        </test-method> <!-- registerPage -->
        <test-method is-config="true" signature="getResult(org.testng.ITestResult)[pri:0, instance:TestCases.TC01_Register@b98c67]" started-at="2024-07-13T03:39:41 EET" name="getResult" finished-at="2024-07-13T03:39:41 EET" duration-ms="24" status="PASS">
          <params>
            <param index="0">
              <value>
                <![CDATA[[TestResult name=registerPage status=SUCCESS method=TC01_Register.registerPage()[pri:1, instance:TestCases.TC01_Register@b98c67] output={null}]]]>
              </value>
            </param>
          </params>
          <reporter-output>
          </reporter-output>
        </test-method> <!-- getResult -->
        <test-method is-config="true" signature="quit()[pri:0, instance:TestCases.TC01_Register@b98c67]" started-at="2024-07-13T03:39:42 EET" name="quit" finished-at="2024-07-13T03:39:43 EET" duration-ms="498" status="PASS">
          <reporter-output>
          </reporter-output>
        </test-method> <!-- quit -->
      </class> <!-- TestCases.TC01_Register -->
      <class name="TestCases.TC03_LogOut">
        <test-method signature="logOutPage()[pri:1, instance:TestCases.TC03_LogOut@72c604d6]" started-at="2024-07-13T03:39:41 EET" name="logOutPage" description="logout Page" finished-at="2024-07-13T03:39:42 EET" duration-ms="741" status="PASS">
          <reporter-output>
          </reporter-output>
        </test-method> <!-- logOutPage -->
        <test-method is-config="true" signature="getResult(org.testng.ITestResult)[pri:0, instance:TestCases.TC03_LogOut@72c604d6]" started-at="2024-07-13T03:39:42 EET" name="getResult" finished-at="2024-07-13T03:39:42 EET" duration-ms="5" status="PASS">
          <params>
            <param index="0">
              <value>
                <![CDATA[[TestResult name=logOutPage status=SUCCESS method=TC03_LogOut.logOutPage()[pri:1, instance:TestCases.TC03_LogOut@72c604d6] output={null}]]]>
              </value>
            </param>
          </params>
          <reporter-output>
          </reporter-output>
        </test-method> <!-- getResult -->
      </class> <!-- TestCases.TC03_LogOut -->
    </test> <!-- Register -->
    <test started-at="2024-07-13T03:39:43 EET" name="Login" finished-at="2024-07-13T03:39:55 EET" duration-ms="11768">
      <class name="TestCases.TC02_Login">
        <test-method is-config="true" signature="setupDriver(java.lang.String)[pri:0, instance:TestCases.TC02_Login@22771615]" started-at="2024-07-13T03:39:43 EET" name="setupDriver" finished-at="2024-07-13T03:39:48 EET" duration-ms="5590" status="PASS">
          <params>
            <param index="0">
              <value>
                <![CDATA[]]>
              </value>
            </param>
          </params>
          <reporter-output>
          </reporter-output>
        </test-method> <!-- setupDriver -->
        <test-method signature="loginPage()[pri:1, instance:TestCases.TC02_Login@22771615]" started-at="2024-07-13T03:39:48 EET" name="loginPage" description="login Page" finished-at="2024-07-13T03:39:51 EET" duration-ms="2146" status="PASS">
          <reporter-output>
          </reporter-output>
        </test-method> <!-- loginPage -->
        <test-method is-config="true" signature="getResult(org.testng.ITestResult)[pri:0, instance:TestCases.TC02_Login@22771615]" started-at="2024-07-13T03:39:51 EET" name="getResult" finished-at="2024-07-13T03:39:51 EET" duration-ms="2" status="PASS">
          <params>
            <param index="0">
              <value>
                <![CDATA[[TestResult name=loginPage status=SUCCESS method=TC02_Login.loginPage()[pri:1, instance:TestCases.TC02_Login@22771615] output={null}]]]>
              </value>
            </param>
          </params>
          <reporter-output>
          </reporter-output>
        </test-method> <!-- getResult -->
        <test-method is-config="true" signature="quit()[pri:0, instance:TestCases.TC02_Login@22771615]" started-at="2024-07-13T03:39:54 EET" name="quit" finished-at="2024-07-13T03:39:55 EET" duration-ms="733" status="PASS">
          <reporter-output>
          </reporter-output>
        </test-method> <!-- quit -->
      </class> <!-- TestCases.TC02_Login -->
      <class name="TestCases.TC03_LogOut">
        <test-method signature="logOutPage()[pri:1, instance:TestCases.TC03_LogOut@f04603f7]" started-at="2024-07-13T03:39:53 EET" name="logOutPage" description="logout Page" finished-at="2024-07-13T03:39:54 EET" duration-ms="868" status="PASS">
          <reporter-output>
          </reporter-output>
        </test-method> <!-- logOutPage -->
        <test-method is-config="true" signature="getResult(org.testng.ITestResult)[pri:0, instance:TestCases.TC03_LogOut@f04603f7]" started-at="2024-07-13T03:39:54 EET" name="getResult" finished-at="2024-07-13T03:39:54 EET" duration-ms="1" status="PASS">
          <params>
            <param index="0">
              <value>
                <![CDATA[[TestResult name=logOutPage status=SUCCESS method=TC03_LogOut.logOutPage()[pri:1, instance:TestCases.TC03_LogOut@f04603f7] output={null}]]]>
              </value>
            </param>
          </params>
          <reporter-output>
          </reporter-output>
        </test-method> <!-- getResult -->
      </class> <!-- TestCases.TC03_LogOut -->
      <class name="TestCases.TC04_NewAccount">
        <test-method signature="createNewAccount(java.lang.String)[pri:1, instance:TestCases.TC04_NewAccount@9a7022fe]" started-at="2024-07-13T03:39:51 EET" name="createNewAccount" description="New Account Page" finished-at="2024-07-13T03:39:53 EET" duration-ms="2092" status="PASS">
          <params>
            <param index="0">
              <value>
                <![CDATA[CHECKING]]>
              </value>
            </param>
          </params>
          <reporter-output>
          </reporter-output>
        </test-method> <!-- createNewAccount -->
        <test-method is-config="true" signature="getResult(org.testng.ITestResult)[pri:0, instance:TestCases.TC04_NewAccount@9a7022fe]" started-at="2024-07-13T03:39:53 EET" name="getResult" finished-at="2024-07-13T03:39:53 EET" duration-ms="2" status="PASS">
          <params>
            <param index="0">
              <value>
                <![CDATA[[TestResult name=createNewAccount status=SUCCESS method=TC04_NewAccount.createNewAccount(java.lang.String)[pri:1, instance:TestCases.TC04_NewAccount@9a7022fe] output={null}]]]>
              </value>
            </param>
          </params>
          <reporter-output>
          </reporter-output>
        </test-method> <!-- getResult -->
        <test-method signature="saveFirstAccId()[pri:2, instance:TestCases.TC04_NewAccount@9a7022fe]" started-at="2024-07-13T03:39:53 EET" name="saveFirstAccId" description="save first account id" finished-at="2024-07-13T03:39:53 EET" duration-ms="205" status="PASS">
          <reporter-output>
          </reporter-output>
        </test-method> <!-- saveFirstAccId -->
        <test-method is-config="true" signature="getResult(org.testng.ITestResult)[pri:0, instance:TestCases.TC04_NewAccount@9a7022fe]" started-at="2024-07-13T03:39:53 EET" name="getResult" finished-at="2024-07-13T03:39:53 EET" duration-ms="1" status="PASS">
          <params>
            <param index="0">
              <value>
                <![CDATA[[TestResult name=saveFirstAccId status=SUCCESS method=TC04_NewAccount.saveFirstAccId()[pri:2, instance:TestCases.TC04_NewAccount@9a7022fe] output={null}]]]>
              </value>
            </param>
          </params>
          <reporter-output>
          </reporter-output>
        </test-method> <!-- getResult -->
      </class> <!-- TestCases.TC04_NewAccount -->
    </test> <!-- Login -->
    <test started-at="2024-07-13T03:39:55 EET" name="Login again " finished-at="2024-07-13T03:40:08 EET" duration-ms="12810">
      <class name="TestCases.TC05_TransferFunds">
        <test-method signature="openTransferFunds()[pri:1, instance:TestCases.TC05_TransferFunds@46bec565]" started-at="2024-07-13T03:40:04 EET" name="openTransferFunds" description="Transfer Funds" finished-at="2024-07-13T03:40:06 EET" duration-ms="2116" status="PASS">
          <reporter-output>
          </reporter-output>
        </test-method> <!-- openTransferFunds -->
        <test-method is-config="true" signature="getResult(org.testng.ITestResult)[pri:0, instance:TestCases.TC05_TransferFunds@46bec565]" started-at="2024-07-13T03:40:06 EET" name="getResult" finished-at="2024-07-13T03:40:06 EET" duration-ms="3" status="PASS">
          <params>
            <param index="0">
              <value>
                <![CDATA[[TestResult name=openTransferFunds status=SUCCESS method=TC05_TransferFunds.openTransferFunds()[pri:1, instance:TestCases.TC05_TransferFunds@46bec565] output={null}]]]>
              </value>
            </param>
          </params>
          <reporter-output>
          </reporter-output>
        </test-method> <!-- getResult -->
      </class> <!-- TestCases.TC05_TransferFunds -->
      <class name="TestCases.TC02_Login">
        <test-method is-config="true" signature="defineSuiteElements()[pri:0, instance:TestCases.TC02_Login@d2e58d3]" started-at="2024-07-13T03:39:27 EET" name="defineSuiteElements" finished-at="2024-07-13T03:39:28 EET" duration-ms="1326" status="PASS">
          <reporter-output>
          </reporter-output>
        </test-method> <!-- defineSuiteElements -->
        <test-method is-config="true" signature="setupDriver(java.lang.String)[pri:0, instance:TestCases.TC02_Login@d2e58d3]" started-at="2024-07-13T03:39:55 EET" name="setupDriver" finished-at="2024-07-13T03:39:59 EET" duration-ms="4673" status="PASS">
          <params>
            <param index="0">
              <value>
                <![CDATA[]]>
              </value>
            </param>
          </params>
          <reporter-output>
          </reporter-output>
        </test-method> <!-- setupDriver -->
        <test-method signature="loginPage()[pri:1, instance:TestCases.TC02_Login@d2e58d3]" started-at="2024-07-13T03:39:59 EET" name="loginPage" description="login Page" finished-at="2024-07-13T03:40:01 EET" duration-ms="1955" status="PASS">
          <reporter-output>
          </reporter-output>
        </test-method> <!-- loginPage -->
        <test-method is-config="true" signature="getResult(org.testng.ITestResult)[pri:0, instance:TestCases.TC02_Login@d2e58d3]" started-at="2024-07-13T03:40:01 EET" name="getResult" finished-at="2024-07-13T03:40:01 EET" duration-ms="7" status="PASS">
          <params>
            <param index="0">
              <value>
                <![CDATA[[TestResult name=loginPage status=SUCCESS method=TC02_Login.loginPage()[pri:1, instance:TestCases.TC02_Login@d2e58d3] output={null}]]]>
              </value>
            </param>
          </params>
          <reporter-output>
          </reporter-output>
        </test-method> <!-- getResult -->
        <test-method is-config="true" signature="quit()[pri:0, instance:TestCases.TC02_Login@d2e58d3]" started-at="2024-07-13T03:40:07 EET" name="quit" finished-at="2024-07-13T03:40:08 EET" duration-ms="734" status="PASS">
          <reporter-output>
          </reporter-output>
        </test-method> <!-- quit -->
        <test-method is-config="true" signature="tearDown()[pri:0, instance:TestCases.TC02_Login@d2e58d3]" started-at="2024-07-13T03:40:08 EET" name="tearDown" finished-at="2024-07-13T03:40:11 EET" duration-ms="2800" status="PASS">
          <reporter-output>
          </reporter-output>
        </test-method> <!-- tearDown -->
      </class> <!-- TestCases.TC02_Login -->
      <class name="TestCases.TC03_LogOut">
        <test-method signature="logOutPage()[pri:1, instance:TestCases.TC03_LogOut@90284c9d]" started-at="2024-07-13T03:40:06 EET" name="logOutPage" description="logout Page" finished-at="2024-07-13T03:40:07 EET" duration-ms="754" status="PASS">
          <reporter-output>
          </reporter-output>
        </test-method> <!-- logOutPage -->
        <test-method is-config="true" signature="getResult(org.testng.ITestResult)[pri:0, instance:TestCases.TC03_LogOut@90284c9d]" started-at="2024-07-13T03:40:07 EET" name="getResult" finished-at="2024-07-13T03:40:07 EET" duration-ms="3" status="PASS">
          <params>
            <param index="0">
              <value>
                <![CDATA[[TestResult name=logOutPage status=SUCCESS method=TC03_LogOut.logOutPage()[pri:1, instance:TestCases.TC03_LogOut@90284c9d] output={null}]]]>
              </value>
            </param>
          </params>
          <reporter-output>
          </reporter-output>
        </test-method> <!-- getResult -->
      </class> <!-- TestCases.TC03_LogOut -->
      <class name="TestCases.TC04_NewAccount">
        <test-method signature="createNewAccount(java.lang.String)[pri:1, instance:TestCases.TC04_NewAccount@a508b1b7]" started-at="2024-07-13T03:40:01 EET" name="createNewAccount" description="New Account Page" finished-at="2024-07-13T03:40:04 EET" duration-ms="2159" status="PASS">
          <params>
            <param index="0">
              <value>
                <![CDATA[SAVINGS]]>
              </value>
            </param>
          </params>
          <reporter-output>
          </reporter-output>
        </test-method> <!-- createNewAccount -->
        <test-method is-config="true" signature="getResult(org.testng.ITestResult)[pri:0, instance:TestCases.TC04_NewAccount@a508b1b7]" started-at="2024-07-13T03:40:04 EET" name="getResult" finished-at="2024-07-13T03:40:04 EET" duration-ms="2" status="PASS">
          <params>
            <param index="0">
              <value>
                <![CDATA[[TestResult name=createNewAccount status=SUCCESS method=TC04_NewAccount.createNewAccount(java.lang.String)[pri:1, instance:TestCases.TC04_NewAccount@a508b1b7] output={null}]]]>
              </value>
            </param>
          </params>
          <reporter-output>
          </reporter-output>
        </test-method> <!-- getResult -->
        <test-method signature="saveSecondAccId()[pri:3, instance:TestCases.TC04_NewAccount@a508b1b7]" started-at="2024-07-13T03:40:04 EET" name="saveSecondAccId" description="save second account id" finished-at="2024-07-13T03:40:04 EET" duration-ms="314" status="PASS">
          <reporter-output>
          </reporter-output>
        </test-method> <!-- saveSecondAccId -->
        <test-method is-config="true" signature="getResult(org.testng.ITestResult)[pri:0, instance:TestCases.TC04_NewAccount@a508b1b7]" started-at="2024-07-13T03:40:04 EET" name="getResult" finished-at="2024-07-13T03:40:04 EET" duration-ms="1" status="PASS">
          <params>
            <param index="0">
              <value>
                <![CDATA[[TestResult name=saveSecondAccId status=SUCCESS method=TC04_NewAccount.saveSecondAccId()[pri:3, instance:TestCases.TC04_NewAccount@a508b1b7] output={null}]]]>
              </value>
            </param>
          </params>
          <reporter-output>
          </reporter-output>
        </test-method> <!-- getResult -->
      </class> <!-- TestCases.TC04_NewAccount -->
    </test> <!-- Login again  -->
  </suite> <!-- Parabank -->
</testng-results>
