<?xml version="1.0" encoding="UTF-8"?>
<!-- Generated by org.testng.reporters.JUnitXMLReporter -->
<testsuite ignored="13" hostname="DESKTOP-24VCBV6" failures="0" tests="5" name="Login again " time="12.81" errors="0" timestamp="2024-07-13T03:40:08 EET">
  <testcase classname="TestCases.TC02_Login" name="loginPage" time="1.955"/>
  <testcase classname="TestCases.TC04_NewAccount" name="createNewAccount" time="2.159"/>
  <testcase classname="TestCases.TC04_NewAccount" name="saveSecondAccId" time="0.314"/>
  <testcase classname="TestCases.TC05_TransferFunds" name="openTransferFunds" time="2.116"/>
  <testcase classname="TestCases.TC03_LogOut" name="logOutPage" time="0.754"/>
  <testcase classname="TestCases.TestBase" name="@BeforeTest setupDriver" time="0.0">
    <ignored/>
  </testcase> <!-- @BeforeTest setupDriver -->
  <testcase classname="TestCases.TC04_NewAccount" name="saveFirstAccId" time="0.0">
    <ignored/>
  </testcase> <!-- saveFirstAccId -->
  <testcase classname="TestCases.TestBase" name="@BeforeTest setupDriver" time="0.0">
    <ignored/>
  </testcase> <!-- @BeforeTest setupDriver -->
  <testcase classname="TestCases.TestBase" name="@BeforeTest setupDriver" time="0.0">
    <ignored/>
  </testcase> <!-- @BeforeTest setupDriver -->
  <testcase classname="TestCases.TestBase" name="@AfterTest quit" time="0.0">
    <ignored/>
  </testcase> <!-- @AfterTest quit -->
  <testcase classname="TestCases.TestBase" name="@AfterTest quit" time="0.0">
    <ignored/>
  </testcase> <!-- @AfterTest quit -->
  <testcase classname="TestCases.TestBase" name="@AfterTest quit" time="0.0">
    <ignored/>
  </testcase> <!-- @AfterTest quit -->
  <testcase classname="TestCases.TestBase" name="@AfterSuite tearDown" time="0.0">
    <ignored/>
  </testcase> <!-- @AfterSuite tearDown -->
  <testcase classname="TestCases.TestBase" name="@BeforeSuite defineSuiteElements" time="0.0">
    <ignored/>
  </testcase> <!-- @BeforeSuite defineSuiteElements -->
  <testcase classname="TestCases.TestBase" name="@BeforeSuite defineSuiteElements" time="0.0">
    <ignored/>
  </testcase> <!-- @BeforeSuite defineSuiteElements -->
  <testcase classname="TestCases.TestBase" name="@BeforeSuite defineSuiteElements" time="0.0">
    <ignored/>
  </testcase> <!-- @BeforeSuite defineSuiteElements -->
  <testcase classname="TestCases.TestBase" name="@AfterSuite tearDown" time="0.0">
    <ignored/>
  </testcase> <!-- @AfterSuite tearDown -->
  <testcase classname="TestCases.TestBase" name="@AfterSuite tearDown" time="0.0">
    <ignored/>
  </testcase> <!-- @AfterSuite tearDown -->
</testsuite> <!-- Login again  -->
