<?xml version="1.0" encoding="UTF-8"?>
<!-- Generated by org.testng.reporters.JUnitXMLReporter -->
<testsuite ignored="9" hostname="DESKTOP-24VCBV6" failures="0" tests="4" name="Login" time="12.624" errors="0" timestamp="2024-07-13T03:03:50 EET">
  <testcase classname="TestCases.TC02_Login" name="loginPage" time="1.825"/>
  <testcase classname="TestCases.TC04_NewAccount" name="createNewAccount" time="1.614"/>
  <testcase classname="TestCases.TC04_NewAccount" name="saveFirstAccId" time="0.103"/>
  <testcase classname="TestCases.TC03_LogOut" name="logOutPage" time="0.789"/>
  <testcase classname="TestCases.TestBase" name="@BeforeSuite defineSuiteElements" time="0.0">
    <ignored/>
  </testcase> <!-- @BeforeSuite defineSuiteElements -->
  <testcase classname="TestCases.TestBase" name="@BeforeSuite defineSuiteElements" time="0.0">
    <ignored/>
  </testcase> <!-- @BeforeSuite defineSuiteElements -->
  <testcase classname="TestCases.TC04_NewAccount" name="saveSecondAccId" time="0.0">
    <ignored/>
  </testcase> <!-- saveSecondAccId -->
  <testcase classname="TestCases.TestBase" name="@AfterSuite tearDown" time="0.0">
    <ignored/>
  </testcase> <!-- @AfterSuite tearDown -->
  <testcase classname="TestCases.TestBase" name="@BeforeTest setupDriver" time="0.0">
    <ignored/>
  </testcase> <!-- @BeforeTest setupDriver -->
  <testcase classname="TestCases.TestBase" name="@AfterSuite tearDown" time="0.0">
    <ignored/>
  </testcase> <!-- @AfterSuite tearDown -->
  <testcase classname="TestCases.TestBase" name="@BeforeTest setupDriver" time="0.0">
    <ignored/>
  </testcase> <!-- @BeforeTest setupDriver -->
  <testcase classname="TestCases.TestBase" name="@AfterTest quit" time="0.0">
    <ignored/>
  </testcase> <!-- @AfterTest quit -->
  <testcase classname="TestCases.TestBase" name="@AfterTest quit" time="0.0">
    <ignored/>
  </testcase> <!-- @AfterTest quit -->
</testsuite> <!-- Login -->
