<?xml version="1.0" encoding="UTF-8"?>
<!-- Generated by org.testng.reporters.JUnitXMLReporter -->
<testsuite ignored="4" hostname="DESKTOP-24VCBV6" failures="0" tests="2" name="Register" time="14.687" errors="0" timestamp="2024-07-13T03:39:43 EET">
  <testcase classname="TestCases.TC01_Register" name="registerPage" time="6.209"/>
  <testcase classname="TestCases.TC03_LogOut" name="logOutPage" time="0.741"/>
  <testcase classname="TestCases.TestBase" name="@AfterSuite tearDown" time="0.0">
    <ignored/>
  </testcase> <!-- @AfterSuite tearDown -->
  <testcase classname="TestCases.TestBase" name="@BeforeSuite defineSuiteElements" time="0.0">
    <ignored/>
  </testcase> <!-- @BeforeSuite defineSuiteElements -->
  <testcase classname="TestCases.TestBase" name="@BeforeTest setupDriver" time="0.0">
    <ignored/>
  </testcase> <!-- @BeforeTest setupDriver -->
  <testcase classname="TestCases.TestBase" name="@AfterTest quit" time="0.0">
    <ignored/>
  </testcase> <!-- @AfterTest quit -->
</testsuite> <!-- Register -->
